<?xml version="1.0" encoding="UTF-8"?>
<!-- Generated by org.testng.reporters.JUnitXMLReporter -->
<testsuite ignored="0" hostname="LAPTOP-DFFROJGO" failures="0" tests="3" name="Default test" time="0.25" errors="0" timestamp="2023-07-05T20:13:00 IST">
  <testcase classname="god.god.Learngroup2" name="test2" time="0.041"/>
  <testcase classname="god.god.Learngroup2" name="test3" time="0.005"/>
  <testcase classname="god.god.Learngroup2" name="test4" time="0.003"/>
</testsuite> <!-- Default test -->
