<?xml version="1.0" encoding="UTF-8"?>
<!-- Generated by org.testng.reporters.JUnitXMLReporter -->
<testsuite ignored="3" hostname="LAPTOP-DFFROJGO" failures="0" tests="3" name="Test" time="0.166" errors="0" timestamp="2023-05-30T22:21:58 IST">
  <testcase classname="god.god.learngroup3" name="test1" time="0.021"/>
  <testcase classname="god.god.learngroup3" name="test2" time="0.006"/>
  <testcase classname="god.god.learngroup3" name="test3" time="0.003"/>
  <testcase classname="god.god.Learngroup2" name="test2" time="0.0">
    <ignored/>
  </testcase> <!-- test2 -->
  <testcase classname="god.god.Learngroup2" name="test3" time="0.0">
    <ignored/>
  </testcase> <!-- test3 -->
  <testcase classname="god.god.Learngroup2" name="test4" time="0.0">
    <ignored/>
  </testcase> <!-- test4 -->
</testsuite> <!-- Test -->
