<?xml version="1.0" encoding="UTF-8"?>
<testng-results ignored="0" total="3" passed="3" failed="0" skipped="0">
  <reporter-output>
  </reporter-output>
  <suite started-at="2023-07-05T20:12:59 IST" name="Default suite" finished-at="2023-07-05T20:12:59 IST" duration-ms="250">
    <groups>
    </groups>
    <test started-at="2023-07-05T20:12:59 IST" name="Default test" finished-at="2023-07-05T20:12:59 IST" duration-ms="250">
      <class name="god.god.Learngroup2">
        <test-method signature="test2()[pri:0, instance:god.god.Learngroup2@4803b726]" started-at="2023-07-05T20:12:59 IST" name="test2" finished-at="2023-07-05T20:12:59 IST" duration-ms="41" status="PASS">
          <reporter-output>
          </reporter-output>
        </test-method> <!-- test2 -->
        <test-method signature="test3()[pri:0, instance:god.god.Learngroup2@4803b726]" started-at="2023-07-05T20:12:59 IST" name="test3" finished-at="2023-07-05T20:12:59 IST" duration-ms="5" status="PASS">
          <reporter-output>
          </reporter-output>
        </test-method> <!-- test3 -->
        <test-method signature="test4()[pri:0, instance:god.god.Learngroup2@4803b726]" started-at="2023-07-05T20:12:59 IST" name="test4" finished-at="2023-07-05T20:12:59 IST" duration-ms="3" status="PASS">
          <reporter-output>
          </reporter-output>
        </test-method> <!-- test4 -->
      </class> <!-- god.god.Learngroup2 -->
    </test> <!-- Default test -->
  </suite> <!-- Default suite -->
</testng-results>
